<?xml version="1.0" encoding="UTF-8"?>
<testsuite xmlns:xsi="http://www.w3.org/2001/XMLSchema-instance" xsi:noNamespaceSchemaLocation="https://maven.apache.org/surefire/maven-surefire-plugin/xsd/surefire-test-report.xsd" name="com.example.maven.ParameterizedDemoTest" time="0.319" tests="26" errors="0" skipped="0" failures="0">
  <properties>
[...]
</properties>
  <testcase name="testCase1{int}[1]" classname="com.example.maven.ParameterizedDemoTest" time="0.085"/>
  <testcase name="testCase1{int}[2]" classname="com.example.maven.ParameterizedDemoTest" time="0.002"/>
  <testcase name="testCase1{int}[3]" classname="com.example.maven.ParameterizedDemoTest" time="0.002"/>
  <testcase name="testCase1{int}[4]" classname="com.example.maven.ParameterizedDemoTest" time="0.001"/>
  <testcase name="testCase1{int}[5]" classname="com.example.maven.ParameterizedDemoTest" time="0.002"/>
  <testcase name="testCase2{String}[1]" classname="com.example.maven.ParameterizedDemoTest" time="0.003"/>
  <testcase name="testCase2{String}[2]" classname="com.example.maven.ParameterizedDemoTest" time="0.001"/>
  <testcase name="testCase2{String}[3]" classname="com.example.maven.ParameterizedDemoTest" time="0.001"/>
  <testcase name="testCase3{int}[1]" classname="com.example.maven.ParameterizedDemoTest" time="0.001"/>
  <testcase name="testCase3{int}[2]" classname="com.example.maven.ParameterizedDemoTest" time="0.001"/>
  <testcase name="testCase3{int}[3]" classname="com.example.maven.ParameterizedDemoTest" time="0.001"/>
  <testcase name="testCase3{int}[4]" classname="com.example.maven.ParameterizedDemoTest" time="0.001"/>
  <testcase name="testCase3{int}[5]" classname="com.example.maven.ParameterizedDemoTest" time="0.001"/>
  <testcase name="testCase3{int}[6]" classname="com.example.maven.ParameterizedDemoTest" time="0.001"/>
  <testcase name="testCase3{int}[7]" classname="com.example.maven.ParameterizedDemoTest" time="0.002"/>
  <testcase name="testCase3{int}[8]" classname="com.example.maven.ParameterizedDemoTest" time="0.001"/>
  <testcase name="testCase3{int}[9]" classname="com.example.maven.ParameterizedDemoTest" time="0.001"/>
  <testcase name="testCase3{int}[10]" classname="com.example.maven.ParameterizedDemoTest" time="0.001"/>
  <testcase name="testCase4{int, int, int}[1]" classname="com.example.maven.ParameterizedDemoTest" time="0.004"/>
  <testcase name="testCase4{int, int, int}[2]" classname="com.example.maven.ParameterizedDemoTest" time="0.001"/>
  <testcase name="testCase4{int, int, int}[3]" classname="com.example.maven.ParameterizedDemoTest" time="0.002"/>
  <testcase name="testCase5{int, int, int}[1]" classname="com.example.maven.ParameterizedDemoTest" time="0.001"/>
  <testcase name="testCase5{int, int, int}[2]" classname="com.example.maven.ParameterizedDemoTest" time="0.001"/>
  <testcase name="testCase5{int, int, int}[3]" classname="com.example.maven.ParameterizedDemoTest" time="0.002"/>
  <testcase name="testCase5{int, int, int}[4]" classname="com.example.maven.ParameterizedDemoTest" time="0.001"/>
  <testcase name="testCase5{int, int, int}[5]" classname="com.example.maven.ParameterizedDemoTest" time="0.001"/>
</testsuite>